<?xml version="1.0" encoding="UTF-8"?>
<testsuite xmlns:xsi="http://www.w3.org/2001/XMLSchema-instance" xsi:noNamespaceSchemaLocation="https://maven.apache.org/surefire/maven-surefire-plugin/xsd/surefire-test-report-3.0.xsd" version="3.0" name="com.ecommerce.app.warehouse.application.service.WarehouseApplicationServiceTest" time="4.184" tests="6" errors="0" skipped="0" failures="0">
  <properties>
    <property name="java.specification.version" value="17"/>
    <property name="sun.cpu.isalist" value="amd64"/>
    <property name="sun.jnu.encoding" value="Cp1252"/>
    <property name="java.class.path" value="C:\Users\TECH-MUHAMMAD ASKAR\IdeaProjects\e-commerce\warehouse-service\warehouse-domain\warehouse-application-service\target\test-classes;C:\Users\TECH-MUHAMMAD ASKAR\IdeaProjects\e-commerce\warehouse-service\warehouse-domain\warehouse-application-service\target\classes;C:\Users\TECH-MUHAMMAD ASKAR\IdeaProjects\e-commerce\warehouse-service\warehouse-domain\warehouse-domain-core\target\warehouse-domain-core-1.0-SNAPSHOT.jar;C:\Users\TECH-MUHAMMAD ASKAR\.m2\repository\org\springframework\boot\spring-boot-starter\3.3.4\spring-boot-starter-3.3.4.jar;C:\Users\TECH-MUHAMMAD ASKAR\.m2\repository\org\springframework\boot\spring-boot\3.3.4\spring-boot-3.3.4.jar;C:\Users\TECH-MUHAMMAD ASKAR\.m2\repository\org\springframework\boot\spring-boot-autoconfigure\3.3.4\spring-boot-autoconfigure-3.3.4.jar;C:\Users\TECH-MUHAMMAD ASKAR\.m2\repository\org\springframework\boot\spring-boot-starter-logging\3.3.4\spring-boot-starter-logging-3.3.4.jar;C:\Users\TECH-MUHAMMAD ASKAR\.m2\repository\org\apache\logging\log4j\log4j-to-slf4j\2.23.1\log4j-to-slf4j-2.23.1.jar;C:\Users\TECH-MUHAMMAD ASKAR\.m2\repository\org\apache\logging\log4j\log4j-api\2.23.1\log4j-api-2.23.1.jar;C:\Users\TECH-MUHAMMAD ASKAR\.m2\repository\org\slf4j\jul-to-slf4j\2.0.16\jul-to-slf4j-2.0.16.jar;C:\Users\TECH-MUHAMMAD ASKAR\.m2\repository\jakarta\annotation\jakarta.annotation-api\2.1.1\jakarta.annotation-api-2.1.1.jar;C:\Users\TECH-MUHAMMAD ASKAR\.m2\repository\org\springframework\spring-core\6.1.13\spring-core-6.1.13.jar;C:\Users\TECH-MUHAMMAD ASKAR\.m2\repository\org\springframework\spring-jcl\6.1.13\spring-jcl-6.1.13.jar;C:\Users\TECH-MUHAMMAD ASKAR\.m2\repository\org\yaml\snakeyaml\2.2\snakeyaml-2.2.jar;C:\Users\TECH-MUHAMMAD ASKAR\.m2\repository\org\springframework\spring-context\6.1.14\spring-context-6.1.14.jar;C:\Users\TECH-MUHAMMAD ASKAR\.m2\repository\org\springframework\spring-aop\6.1.14\spring-aop-6.1.14.jar;C:\Users\TECH-MUHAMMAD ASKAR\.m2\repository\org\springframework\spring-beans\6.1.14\spring-beans-6.1.14.jar;C:\Users\TECH-MUHAMMAD ASKAR\.m2\repository\org\springframework\spring-expression\6.1.14\spring-expression-6.1.14.jar;C:\Users\TECH-MUHAMMAD ASKAR\.m2\repository\io\micrometer\micrometer-observation\1.12.11\micrometer-observation-1.12.11.jar;C:\Users\TECH-MUHAMMAD ASKAR\.m2\repository\io\micrometer\micrometer-commons\1.12.11\micrometer-commons-1.12.11.jar;C:\Users\TECH-MUHAMMAD ASKAR\.m2\repository\org\projectlombok\lombok\1.18.34\lombok-1.18.34.jar;C:\Users\TECH-MUHAMMAD ASKAR\IdeaProjects\e-commerce\infrastructure\saga\target\saga-1.0-SNAPSHOT.jar;C:\Users\TECH-MUHAMMAD ASKAR\.m2\repository\org\mockito\mockito-core\5.12.0\mockito-core-5.12.0.jar;C:\Users\TECH-MUHAMMAD ASKAR\.m2\repository\net\bytebuddy\byte-buddy\1.14.15\byte-buddy-1.14.15.jar;C:\Users\TECH-MUHAMMAD ASKAR\.m2\repository\net\bytebuddy\byte-buddy-agent\1.14.15\byte-buddy-agent-1.14.15.jar;C:\Users\TECH-MUHAMMAD ASKAR\.m2\repository\org\objenesis\objenesis\3.3\objenesis-3.3.jar;C:\Users\TECH-MUHAMMAD ASKAR\.m2\repository\org\springframework\spring-tx\6.1.14\spring-tx-6.1.14.jar;C:\Users\TECH-MUHAMMAD ASKAR\.m2\repository\org\springframework\boot\spring-boot-starter-validation\3.4.1\spring-boot-starter-validation-3.4.1.jar;C:\Users\TECH-MUHAMMAD ASKAR\.m2\repository\org\apache\tomcat\embed\tomcat-embed-el\10.1.34\tomcat-embed-el-10.1.34.jar;C:\Users\TECH-MUHAMMAD ASKAR\.m2\repository\org\hibernate\validator\hibernate-validator\8.0.2.Final\hibernate-validator-8.0.2.Final.jar;C:\Users\TECH-MUHAMMAD ASKAR\.m2\repository\jakarta\validation\jakarta.validation-api\3.0.2\jakarta.validation-api-3.0.2.jar;C:\Users\TECH-MUHAMMAD ASKAR\.m2\repository\org\jboss\logging\jboss-logging\3.4.3.Final\jboss-logging-3.4.3.Final.jar;C:\Users\TECH-MUHAMMAD ASKAR\.m2\repository\com\fasterxml\classmate\1.5.1\classmate-1.5.1.jar;C:\Users\TECH-MUHAMMAD ASKAR\.m2\repository\com\auth0\java-jwt\4.4.0\java-jwt-4.4.0.jar;C:\Users\TECH-MUHAMMAD ASKAR\.m2\repository\com\fasterxml\jackson\core\jackson-databind\2.14.2\jackson-databind-2.14.2.jar;C:\Users\TECH-MUHAMMAD ASKAR\.m2\repository\com\fasterxml\jackson\core\jackson-annotations\2.14.2\jackson-annotations-2.14.2.jar;C:\Users\TECH-MUHAMMAD ASKAR\.m2\repository\com\fasterxml\jackson\core\jackson-core\2.14.2\jackson-core-2.14.2.jar;C:\Users\TECH-MUHAMMAD ASKAR\IdeaProjects\e-commerce\common\common-application-service\target\common-application-service-1.0-SNAPSHOT.jar;C:\Users\TECH-MUHAMMAD ASKAR\.m2\repository\org\springframework\boot\spring-boot-starter-test\3.0.0\spring-boot-starter-test-3.0.0.jar;C:\Users\TECH-MUHAMMAD ASKAR\.m2\repository\org\springframework\boot\spring-boot-test\3.0.0\spring-boot-test-3.0.0.jar;C:\Users\TECH-MUHAMMAD ASKAR\.m2\repository\org\springframework\boot\spring-boot-test-autoconfigure\3.0.0\spring-boot-test-autoconfigure-3.0.0.jar;C:\Users\TECH-MUHAMMAD ASKAR\.m2\repository\com\jayway\jsonpath\json-path\2.7.0\json-path-2.7.0.jar;C:\Users\TECH-MUHAMMAD ASKAR\.m2\repository\net\minidev\json-smart\2.4.7\json-smart-2.4.7.jar;C:\Users\TECH-MUHAMMAD ASKAR\.m2\repository\net\minidev\accessors-smart\2.4.7\accessors-smart-2.4.7.jar;C:\Users\TECH-MUHAMMAD ASKAR\.m2\repository\org\ow2\asm\asm\9.1\asm-9.1.jar;C:\Users\TECH-MUHAMMAD ASKAR\.m2\repository\jakarta\xml\bind\jakarta.xml.bind-api\4.0.0\jakarta.xml.bind-api-4.0.0.jar;C:\Users\TECH-MUHAMMAD ASKAR\.m2\repository\jakarta\activation\jakarta.activation-api\2.1.0\jakarta.activation-api-2.1.0.jar;C:\Users\TECH-MUHAMMAD ASKAR\.m2\repository\org\assertj\assertj-core\3.23.1\assertj-core-3.23.1.jar;C:\Users\TECH-MUHAMMAD ASKAR\.m2\repository\org\hamcrest\hamcrest\2.2\hamcrest-2.2.jar;C:\Users\TECH-MUHAMMAD ASKAR\.m2\repository\org\junit\jupiter\junit-jupiter\5.9.1\junit-jupiter-5.9.1.jar;C:\Users\TECH-MUHAMMAD ASKAR\.m2\repository\org\junit\jupiter\junit-jupiter-api\5.9.1\junit-jupiter-api-5.9.1.jar;C:\Users\TECH-MUHAMMAD ASKAR\.m2\repository\org\opentest4j\opentest4j\1.2.0\opentest4j-1.2.0.jar;C:\Users\TECH-MUHAMMAD ASKAR\.m2\repository\org\junit\platform\junit-platform-commons\1.9.1\junit-platform-commons-1.9.1.jar;C:\Users\TECH-MUHAMMAD ASKAR\.m2\repository\org\apiguardian\apiguardian-api\1.1.2\apiguardian-api-1.1.2.jar;C:\Users\TECH-MUHAMMAD ASKAR\.m2\repository\org\junit\jupiter\junit-jupiter-params\5.9.1\junit-jupiter-params-5.9.1.jar;C:\Users\TECH-MUHAMMAD ASKAR\.m2\repository\org\junit\jupiter\junit-jupiter-engine\5.9.1\junit-jupiter-engine-5.9.1.jar;C:\Users\TECH-MUHAMMAD ASKAR\.m2\repository\org\junit\platform\junit-platform-engine\1.9.1\junit-platform-engine-1.9.1.jar;C:\Users\TECH-MUHAMMAD ASKAR\.m2\repository\org\mockito\mockito-junit-jupiter\4.8.1\mockito-junit-jupiter-4.8.1.jar;C:\Users\TECH-MUHAMMAD ASKAR\.m2\repository\org\skyscreamer\jsonassert\1.5.1\jsonassert-1.5.1.jar;C:\Users\TECH-MUHAMMAD ASKAR\.m2\repository\com\vaadin\external\google\android-json\0.0.20131108.vaadin1\android-json-0.0.20131108.vaadin1.jar;C:\Users\TECH-MUHAMMAD ASKAR\.m2\repository\org\springframework\spring-test\6.0.2\spring-test-6.0.2.jar;C:\Users\TECH-MUHAMMAD ASKAR\.m2\repository\org\xmlunit\xmlunit-core\2.9.0\xmlunit-core-2.9.0.jar;C:\Users\TECH-MUHAMMAD ASKAR\.m2\repository\ch\qos\logback\logback-classic\1.5.12\logback-classic-1.5.12.jar;C:\Users\TECH-MUHAMMAD ASKAR\.m2\repository\ch\qos\logback\logback-core\1.5.12\logback-core-1.5.12.jar;C:\Users\TECH-MUHAMMAD ASKAR\.m2\repository\org\slf4j\slf4j-api\2.0.16\slf4j-api-2.0.16.jar;C:\Users\TECH-MUHAMMAD ASKAR\IdeaProjects\e-commerce\common\common-domain\target\common-domain-1.0-SNAPSHOT.jar;"/>
    <property name="java.vm.vendor" value="Oracle Corporation"/>
    <property name="sun.arch.data.model" value="64"/>
    <property name="user.variant" value=""/>
    <property name="java.vendor.url" value="https://java.oracle.com/"/>
    <property name="user.timezone" value="Asia/Bangkok"/>
    <property name="org.jboss.logging.provider" value="slf4j"/>
    <property name="os.name" value="Windows 11"/>
    <property name="java.vm.specification.version" value="17"/>
    <property name="sun.java.launcher" value="SUN_STANDARD"/>
    <property name="user.country" value="US"/>
    <property name="sun.boot.library.path" value="C:\Program Files\Java\jdk-17\bin"/>
    <property name="sun.java.command" value="C:\Users\TECH-MUHAMMAD ASKAR\AppData\Local\Temp\surefire11281505879666019036\surefirebooter-20250111192932462_6.jar C:\Users\TECH-MUHAMMAD ASKAR\AppData\Local\Temp\surefire11281505879666019036 2025-01-11T19-29-20_231-jvmRun1 surefire-20250111192932462_4tmp surefire_1-20250111192932462_5tmp"/>
    <property name="jdk.debug" value="release"/>
    <property name="surefire.test.class.path" value="C:\Users\TECH-MUHAMMAD ASKAR\IdeaProjects\e-commerce\warehouse-service\warehouse-domain\warehouse-application-service\target\test-classes;C:\Users\TECH-MUHAMMAD ASKAR\IdeaProjects\e-commerce\warehouse-service\warehouse-domain\warehouse-application-service\target\classes;C:\Users\TECH-MUHAMMAD ASKAR\IdeaProjects\e-commerce\warehouse-service\warehouse-domain\warehouse-domain-core\target\warehouse-domain-core-1.0-SNAPSHOT.jar;C:\Users\TECH-MUHAMMAD ASKAR\.m2\repository\org\springframework\boot\spring-boot-starter\3.3.4\spring-boot-starter-3.3.4.jar;C:\Users\TECH-MUHAMMAD ASKAR\.m2\repository\org\springframework\boot\spring-boot\3.3.4\spring-boot-3.3.4.jar;C:\Users\TECH-MUHAMMAD ASKAR\.m2\repository\org\springframework\boot\spring-boot-autoconfigure\3.3.4\spring-boot-autoconfigure-3.3.4.jar;C:\Users\TECH-MUHAMMAD ASKAR\.m2\repository\org\springframework\boot\spring-boot-starter-logging\3.3.4\spring-boot-starter-logging-3.3.4.jar;C:\Users\TECH-MUHAMMAD ASKAR\.m2\repository\org\apache\logging\log4j\log4j-to-slf4j\2.23.1\log4j-to-slf4j-2.23.1.jar;C:\Users\TECH-MUHAMMAD ASKAR\.m2\repository\org\apache\logging\log4j\log4j-api\2.23.1\log4j-api-2.23.1.jar;C:\Users\TECH-MUHAMMAD ASKAR\.m2\repository\org\slf4j\jul-to-slf4j\2.0.16\jul-to-slf4j-2.0.16.jar;C:\Users\TECH-MUHAMMAD ASKAR\.m2\repository\jakarta\annotation\jakarta.annotation-api\2.1.1\jakarta.annotation-api-2.1.1.jar;C:\Users\TECH-MUHAMMAD ASKAR\.m2\repository\org\springframework\spring-core\6.1.13\spring-core-6.1.13.jar;C:\Users\TECH-MUHAMMAD ASKAR\.m2\repository\org\springframework\spring-jcl\6.1.13\spring-jcl-6.1.13.jar;C:\Users\TECH-MUHAMMAD ASKAR\.m2\repository\org\yaml\snakeyaml\2.2\snakeyaml-2.2.jar;C:\Users\TECH-MUHAMMAD ASKAR\.m2\repository\org\springframework\spring-context\6.1.14\spring-context-6.1.14.jar;C:\Users\TECH-MUHAMMAD ASKAR\.m2\repository\org\springframework\spring-aop\6.1.14\spring-aop-6.1.14.jar;C:\Users\TECH-MUHAMMAD ASKAR\.m2\repository\org\springframework\spring-beans\6.1.14\spring-beans-6.1.14.jar;C:\Users\TECH-MUHAMMAD ASKAR\.m2\repository\org\springframework\spring-expression\6.1.14\spring-expression-6.1.14.jar;C:\Users\TECH-MUHAMMAD ASKAR\.m2\repository\io\micrometer\micrometer-observation\1.12.11\micrometer-observation-1.12.11.jar;C:\Users\TECH-MUHAMMAD ASKAR\.m2\repository\io\micrometer\micrometer-commons\1.12.11\micrometer-commons-1.12.11.jar;C:\Users\TECH-MUHAMMAD ASKAR\.m2\repository\org\projectlombok\lombok\1.18.34\lombok-1.18.34.jar;C:\Users\TECH-MUHAMMAD ASKAR\IdeaProjects\e-commerce\infrastructure\saga\target\saga-1.0-SNAPSHOT.jar;C:\Users\TECH-MUHAMMAD ASKAR\.m2\repository\org\mockito\mockito-core\5.12.0\mockito-core-5.12.0.jar;C:\Users\TECH-MUHAMMAD ASKAR\.m2\repository\net\bytebuddy\byte-buddy\1.14.15\byte-buddy-1.14.15.jar;C:\Users\TECH-MUHAMMAD ASKAR\.m2\repository\net\bytebuddy\byte-buddy-agent\1.14.15\byte-buddy-agent-1.14.15.jar;C:\Users\TECH-MUHAMMAD ASKAR\.m2\repository\org\objenesis\objenesis\3.3\objenesis-3.3.jar;C:\Users\TECH-MUHAMMAD ASKAR\.m2\repository\org\springframework\spring-tx\6.1.14\spring-tx-6.1.14.jar;C:\Users\TECH-MUHAMMAD ASKAR\.m2\repository\org\springframework\boot\spring-boot-starter-validation\3.4.1\spring-boot-starter-validation-3.4.1.jar;C:\Users\TECH-MUHAMMAD ASKAR\.m2\repository\org\apache\tomcat\embed\tomcat-embed-el\10.1.34\tomcat-embed-el-10.1.34.jar;C:\Users\TECH-MUHAMMAD ASKAR\.m2\repository\org\hibernate\validator\hibernate-validator\8.0.2.Final\hibernate-validator-8.0.2.Final.jar;C:\Users\TECH-MUHAMMAD ASKAR\.m2\repository\jakarta\validation\jakarta.validation-api\3.0.2\jakarta.validation-api-3.0.2.jar;C:\Users\TECH-MUHAMMAD ASKAR\.m2\repository\org\jboss\logging\jboss-logging\3.4.3.Final\jboss-logging-3.4.3.Final.jar;C:\Users\TECH-MUHAMMAD ASKAR\.m2\repository\com\fasterxml\classmate\1.5.1\classmate-1.5.1.jar;C:\Users\TECH-MUHAMMAD ASKAR\.m2\repository\com\auth0\java-jwt\4.4.0\java-jwt-4.4.0.jar;C:\Users\TECH-MUHAMMAD ASKAR\.m2\repository\com\fasterxml\jackson\core\jackson-databind\2.14.2\jackson-databind-2.14.2.jar;C:\Users\TECH-MUHAMMAD ASKAR\.m2\repository\com\fasterxml\jackson\core\jackson-annotations\2.14.2\jackson-annotations-2.14.2.jar;C:\Users\TECH-MUHAMMAD ASKAR\.m2\repository\com\fasterxml\jackson\core\jackson-core\2.14.2\jackson-core-2.14.2.jar;C:\Users\TECH-MUHAMMAD ASKAR\IdeaProjects\e-commerce\common\common-application-service\target\common-application-service-1.0-SNAPSHOT.jar;C:\Users\TECH-MUHAMMAD ASKAR\.m2\repository\org\springframework\boot\spring-boot-starter-test\3.0.0\spring-boot-starter-test-3.0.0.jar;C:\Users\TECH-MUHAMMAD ASKAR\.m2\repository\org\springframework\boot\spring-boot-test\3.0.0\spring-boot-test-3.0.0.jar;C:\Users\TECH-MUHAMMAD ASKAR\.m2\repository\org\springframework\boot\spring-boot-test-autoconfigure\3.0.0\spring-boot-test-autoconfigure-3.0.0.jar;C:\Users\TECH-MUHAMMAD ASKAR\.m2\repository\com\jayway\jsonpath\json-path\2.7.0\json-path-2.7.0.jar;C:\Users\TECH-MUHAMMAD ASKAR\.m2\repository\net\minidev\json-smart\2.4.7\json-smart-2.4.7.jar;C:\Users\TECH-MUHAMMAD ASKAR\.m2\repository\net\minidev\accessors-smart\2.4.7\accessors-smart-2.4.7.jar;C:\Users\TECH-MUHAMMAD ASKAR\.m2\repository\org\ow2\asm\asm\9.1\asm-9.1.jar;C:\Users\TECH-MUHAMMAD ASKAR\.m2\repository\jakarta\xml\bind\jakarta.xml.bind-api\4.0.0\jakarta.xml.bind-api-4.0.0.jar;C:\Users\TECH-MUHAMMAD ASKAR\.m2\repository\jakarta\activation\jakarta.activation-api\2.1.0\jakarta.activation-api-2.1.0.jar;C:\Users\TECH-MUHAMMAD ASKAR\.m2\repository\org\assertj\assertj-core\3.23.1\assertj-core-3.23.1.jar;C:\Users\TECH-MUHAMMAD ASKAR\.m2\repository\org\hamcrest\hamcrest\2.2\hamcrest-2.2.jar;C:\Users\TECH-MUHAMMAD ASKAR\.m2\repository\org\junit\jupiter\junit-jupiter\5.9.1\junit-jupiter-5.9.1.jar;C:\Users\TECH-MUHAMMAD ASKAR\.m2\repository\org\junit\jupiter\junit-jupiter-api\5.9.1\junit-jupiter-api-5.9.1.jar;C:\Users\TECH-MUHAMMAD ASKAR\.m2\repository\org\opentest4j\opentest4j\1.2.0\opentest4j-1.2.0.jar;C:\Users\TECH-MUHAMMAD ASKAR\.m2\repository\org\junit\platform\junit-platform-commons\1.9.1\junit-platform-commons-1.9.1.jar;C:\Users\TECH-MUHAMMAD ASKAR\.m2\repository\org\apiguardian\apiguardian-api\1.1.2\apiguardian-api-1.1.2.jar;C:\Users\TECH-MUHAMMAD ASKAR\.m2\repository\org\junit\jupiter\junit-jupiter-params\5.9.1\junit-jupiter-params-5.9.1.jar;C:\Users\TECH-MUHAMMAD ASKAR\.m2\repository\org\junit\jupiter\junit-jupiter-engine\5.9.1\junit-jupiter-engine-5.9.1.jar;C:\Users\TECH-MUHAMMAD ASKAR\.m2\repository\org\junit\platform\junit-platform-engine\1.9.1\junit-platform-engine-1.9.1.jar;C:\Users\TECH-MUHAMMAD ASKAR\.m2\repository\org\mockito\mockito-junit-jupiter\4.8.1\mockito-junit-jupiter-4.8.1.jar;C:\Users\TECH-MUHAMMAD ASKAR\.m2\repository\org\skyscreamer\jsonassert\1.5.1\jsonassert-1.5.1.jar;C:\Users\TECH-MUHAMMAD ASKAR\.m2\repository\com\vaadin\external\google\android-json\0.0.20131108.vaadin1\android-json-0.0.20131108.vaadin1.jar;C:\Users\TECH-MUHAMMAD ASKAR\.m2\repository\org\springframework\spring-test\6.0.2\spring-test-6.0.2.jar;C:\Users\TECH-MUHAMMAD ASKAR\.m2\repository\org\xmlunit\xmlunit-core\2.9.0\xmlunit-core-2.9.0.jar;C:\Users\TECH-MUHAMMAD ASKAR\.m2\repository\ch\qos\logback\logback-classic\1.5.12\logback-classic-1.5.12.jar;C:\Users\TECH-MUHAMMAD ASKAR\.m2\repository\ch\qos\logback\logback-core\1.5.12\logback-core-1.5.12.jar;C:\Users\TECH-MUHAMMAD ASKAR\.m2\repository\org\slf4j\slf4j-api\2.0.16\slf4j-api-2.0.16.jar;C:\Users\TECH-MUHAMMAD ASKAR\IdeaProjects\e-commerce\common\common-domain\target\common-domain-1.0-SNAPSHOT.jar;"/>
    <property name="sun.cpu.endian" value="little"/>
    <property name="user.home" value="C:\Users\TECH-MUHAMMAD ASKAR"/>
    <property name="user.language" value="en"/>
    <property name="java.specification.vendor" value="Oracle Corporation"/>
    <property name="java.version.date" value="2024-07-16"/>
    <property name="java.home" value="C:\Program Files\Java\jdk-17"/>
    <property name="file.separator" value="\"/>
    <property name="basedir" value="C:\Users\TECH-MUHAMMAD ASKAR\IdeaProjects\e-commerce\warehouse-service\warehouse-domain\warehouse-application-service"/>
    <property name="java.vm.compressedOopsMode" value="Zero based"/>
    <property name="line.separator" value="&#10;"/>
    <property name="java.vm.specification.vendor" value="Oracle Corporation"/>
    <property name="java.specification.name" value="Java Platform API Specification"/>
    <property name="FILE_LOG_CHARSET" value="windows-1252"/>
    <property name="java.awt.headless" value="true"/>
    <property name="surefire.real.class.path" value="C:\Users\TECH-MUHAMMAD ASKAR\AppData\Local\Temp\surefire11281505879666019036\surefirebooter-20250111192932462_6.jar"/>
    <property name="user.script" value=""/>
    <property name="sun.management.compiler" value="HotSpot 64-Bit Tiered Compilers"/>
    <property name="java.runtime.version" value="17.0.12+8-LTS-286"/>
    <property name="user.name" value="TECH-MUHAMMAD ASKAR"/>
    <property name="path.separator" value=";"/>
    <property name="os.version" value="10.0"/>
    <property name="java.runtime.name" value="Java(TM) SE Runtime Environment"/>
    <property name="file.encoding" value="Cp1252"/>
    <property name="java.vm.name" value="Java HotSpot(TM) 64-Bit Server VM"/>
    <property name="localRepository" value="C:\Users\TECH-MUHAMMAD ASKAR\.m2\repository"/>
    <property name="java.vendor.url.bug" value="https://bugreport.java.com/bugreport/"/>
    <property name="java.io.tmpdir" value="C:\Users\TECH-M~1\AppData\Local\Temp\"/>
    <property name="java.version" value="17.0.12"/>
    <property name="user.dir" value="C:\Users\TECH-MUHAMMAD ASKAR\IdeaProjects\e-commerce\warehouse-service\warehouse-domain\warehouse-application-service"/>
    <property name="os.arch" value="amd64"/>
    <property name="java.vm.specification.name" value="Java Virtual Machine Specification"/>
    <property name="PID" value="32180"/>
    <property name="sun.os.patch.level" value=""/>
    <property name="CONSOLE_LOG_CHARSET" value="windows-1252"/>
    <property name="native.encoding" value="Cp1252"/>
    <property name="java.library.path" value="C:\Program Files\Java\jdk-17\bin;C:\WINDOWS\Sun\Java\bin;C:\WINDOWS\system32;C:\WINDOWS;C:\Program Files\Common Files\Oracle\Java\javapath;C:\WINDOWS\system32;C:\WINDOWS;C:\WINDOWS\System32\Wbem;C:\WINDOWS\System32\WindowsPowerShell\v1.0\;C:\WINDOWS\System32\OpenSSH\;C:\Program Files\Go\bin;C:\ProgramData\chocolatey\bin;C:\Program Files\Git\cmd;C:\Program Files\Docker\Docker\resources\bin;C:\Program Files\maven\bin;C:\Windows\System32\ngrok-v3-stable-windows-amd64;C:\Program Files\Kubernetes\Minikube;C:\Users\TECH-MUHAMMAD ASKAR\AppData\Local\Microsoft\WindowsApps;C:\Users\TECH-MUHAMMAD ASKAR\AppData\Local\Programs\Microsoft VS Code\bin;C:\Users\TECH-MUHAMMAD ASKAR\AppData\Local\Microsoft\WinGet\Links;C:\Users\TECH-MUHAMMAD ASKAR\AppData\Local\Google\Cloud SDK\google-cloud-sdk\bin;;."/>
    <property name="java.vm.info" value="mixed mode, sharing"/>
    <property name="java.vendor" value="Oracle Corporation"/>
    <property name="java.vm.version" value="17.0.12+8-LTS-286"/>
    <property name="sun.io.unicode.encoding" value="UnicodeLittle"/>
    <property name="java.class.version" value="61.0"/>
  </properties>
  <testcase name="testUpdateStock" classname="com.ecommerce.app.warehouse.application.service.WarehouseApplicationServiceTest" time="0.537">
    <system-out><![CDATA[
  .   ____          _            __ _ _
 /\\ / ___'_ __ _ _(_)_ __  __ _ \ \ \ \
( ( )\___ | '_ | '_| | '_ \/ _` | \ \ \ \
 \\/  ___)| |_)| | | | | || (_| |  ) ) ) )
  '  |____| .__|_| |_|_| |_\__, | / / / /
 =========|_|==============|___/=/_/_/_/

 :: Spring Boot ::                (v3.3.4)

2025-01-11T19:29:33.756+07:00  INFO 32180 --- [           main] .a.w.a.s.WarehouseApplicationServiceTest : Starting WarehouseApplicationServiceTest using Java 17.0.12 with PID 32180 (started by TECH-MUHAMMAD ASKAR in C:\Users\TECH-MUHAMMAD ASKAR\IdeaProjects\e-commerce\warehouse-service\warehouse-domain\warehouse-application-service)
2025-01-11T19:29:33.759+07:00  INFO 32180 --- [           main] .a.w.a.s.WarehouseApplicationServiceTest : No active profile set, falling back to 1 default profile: "default"
2025-01-11T19:29:36.607+07:00  INFO 32180 --- [           main] .a.w.a.s.WarehouseApplicationServiceTest : Started WarehouseApplicationServiceTest in 3.137 seconds (process running for 4.045)
2025-01-11T19:29:36.837+07:00  INFO 32180 --- [           main] c.e.a.c.a.service.GlobalVerifyJWT        : token: eyJhbGciOiJIUzI1NiIsInR5cCI6IkpXVCJ9.eyJzdWIiOiIyMjJlNDU2Ny1lODliLTEyZDMtYTQ1Ni00MjY2MTQxNzQwMDEiLCJlbWFpbCI6IndhcmVob3VzZWFkbWluMUBnbWFpbC5jb20iLCJyb2xlIjoiV0FSRUhPVVNFX0FETUlOIiwiaXNfZW1haWxfdmVyaWZpZWQiOnRydWUsIndhcmVob3VzZV9pZCI6IjhiNjIyYWJlLWI0YzYtNDU0MC04NGRmLTdkYzBlOTc1MjUyOSIsImlhdCI6MTczNjI5MDYxNCwiZXhwIjoxNzY3ODI2NjE0fQ.-zhhRawQB6O5gjlEyEImMHbS8ATVvfB6hmPz3KrCqow
2025-01-11T19:29:37.199+07:00  INFO 32180 --- [           main] c.e.a.w.d.service.WarehouseStockHelper   : Stock journal saved successfully with id: com.ecommerce.app.warehouse.domain.core.valueobject.StockJournalId@cc988d0d
2025-01-11T19:29:37.202+07:00  INFO 32180 --- [           main] c.e.a.w.d.service.WarehouseStockHelper   : Stock saved successfully with id: com.ecommerce.app.warehouse.domain.core.valueobject.StockId@aa996a53
Message: Stock updated successfully
]]></system-out>
  </testcase>
  <testcase name="testCreateStockWithWrongWarehouseAdmin" classname="com.ecommerce.app.warehouse.application.service.WarehouseApplicationServiceTest" time="0.007">
    <system-out><![CDATA[2025-01-11T19:29:37.239+07:00  INFO 32180 --- [           main] c.e.a.c.a.service.GlobalVerifyJWT        : token: eyJhbGciOiJIUzI1NiIsInR5cCI6IkpXVCJ9.eyJzdWIiOiIzMzNlNDU2Ny1lODliLTEyZDMtYTQ1Ni00MjY2MTQxNzQwMDIiLCJlbWFpbCI6IndhcmVob3VzZWFkbWluMkBnbWFpbC5jb20iLCJyb2xlIjoiV0FSRUhPVVNFX0FETUlOIiwiaXNfZW1haWxfdmVyaWZpZWQiOnRydWUsIndhcmVob3VzZV9pZCI6ImEwNGFkZjY5LTExYTUtNDQwZi1hNmI5LTU2ZDlhNzE4ZTlhNyIsImlhdCI6MTczNjI5NjM2NiwiZXhwIjoxNzY3ODMyMzY2fQ.OzPKhBzi9Ta0IMzE2YSvUzvNqqn4rZj7HylV_xFr4Kg
]]></system-out>
  </testcase>
  <testcase name="testCreateStock" classname="com.ecommerce.app.warehouse.application.service.WarehouseApplicationServiceTest" time="0.008">
    <system-out><![CDATA[2025-01-11T19:29:37.245+07:00  INFO 32180 --- [           main] c.e.a.c.a.service.GlobalVerifyJWT        : token: eyJhbGciOiJIUzI1NiIsInR5cCI6IkpXVCJ9.eyJzdWIiOiIyMjJlNDU2Ny1lODliLTEyZDMtYTQ1Ni00MjY2MTQxNzQwMDEiLCJlbWFpbCI6IndhcmVob3VzZWFkbWluMUBnbWFpbC5jb20iLCJyb2xlIjoiV0FSRUhPVVNFX0FETUlOIiwiaXNfZW1haWxfdmVyaWZpZWQiOnRydWUsIndhcmVob3VzZV9pZCI6IjhiNjIyYWJlLWI0YzYtNDU0MC04NGRmLTdkYzBlOTc1MjUyOSIsImlhdCI6MTczNjI5MDYxNCwiZXhwIjoxNzY3ODI2NjE0fQ.-zhhRawQB6O5gjlEyEImMHbS8ATVvfB6hmPz3KrCqow
2025-01-11T19:29:37.248+07:00  INFO 32180 --- [           main] c.e.a.w.d.service.WarehouseStockHelper   : Stock journal saved successfully with id: com.ecommerce.app.warehouse.domain.core.valueobject.StockJournalId@17f9bf77
2025-01-11T19:29:37.248+07:00  INFO 32180 --- [           main] c.e.a.w.d.service.WarehouseStockHelper   : Stock saved successfully with id: com.ecommerce.app.warehouse.domain.core.valueobject.StockId@83f3c3f1
Message: Stock created successfully
]]></system-out>
  </testcase>
  <testcase name="testCreateWarehouse" classname="com.ecommerce.app.warehouse.application.service.WarehouseApplicationServiceTest" time="0.007">
    <system-out><![CDATA[2025-01-11T19:29:37.252+07:00  INFO 32180 --- [           main] c.e.a.w.domain.service.WarehouseHelper   : Warehouse created with id: 71de7dc7-51a9-4858-83b3-7ba811b3f8c9
Warehouse ID: 71de7dc7-51a9-4858-83b3-7ba811b3f8c9
Message: warehouse created successfully
]]></system-out>
  </testcase>
  <testcase name="testUpdateStockWithWrongWarehouseAdmin" classname="com.ecommerce.app.warehouse.application.service.WarehouseApplicationServiceTest" time="0.005">
    <system-out><![CDATA[2025-01-11T19:29:37.261+07:00  INFO 32180 --- [           main] c.e.a.c.a.service.GlobalVerifyJWT        : token: eyJhbGciOiJIUzI1NiIsInR5cCI6IkpXVCJ9.eyJzdWIiOiIzMzNlNDU2Ny1lODliLTEyZDMtYTQ1Ni00MjY2MTQxNzQwMDIiLCJlbWFpbCI6IndhcmVob3VzZWFkbWluMkBnbWFpbC5jb20iLCJyb2xlIjoiV0FSRUhPVVNFX0FETUlOIiwiaXNfZW1haWxfdmVyaWZpZWQiOnRydWUsIndhcmVob3VzZV9pZCI6ImEwNGFkZjY5LTExYTUtNDQwZi1hNmI5LTU2ZDlhNzE4ZTlhNyIsImlhdCI6MTczNjI5NjM2NiwiZXhwIjoxNzY3ODMyMzY2fQ.OzPKhBzi9Ta0IMzE2YSvUzvNqqn4rZj7HylV_xFr4Kg
]]></system-out>
  </testcase>
  <testcase name="testCreateStockWithProductNotFound(CapturedOutput)" classname="com.ecommerce.app.warehouse.application.service.WarehouseApplicationServiceTest" time="0.017">
    <system-out><![CDATA[2025-01-11T19:29:37.274+07:00  INFO 32180 --- [           main] c.e.a.c.a.service.GlobalVerifyJWT        : token: eyJhbGciOiJIUzI1NiIsInR5cCI6IkpXVCJ9.eyJzdWIiOiIyMjJlNDU2Ny1lODliLTEyZDMtYTQ1Ni00MjY2MTQxNzQwMDEiLCJlbWFpbCI6IndhcmVob3VzZWFkbWluMUBnbWFpbC5jb20iLCJyb2xlIjoiV0FSRUhPVVNFX0FETUlOIiwiaXNfZW1haWxfdmVyaWZpZWQiOnRydWUsIndhcmVob3VzZV9pZCI6IjhiNjIyYWJlLWI0YzYtNDU0MC04NGRmLTdkYzBlOTc1MjUyOSIsImlhdCI6MTczNjI5MDYxNCwiZXhwIjoxNzY3ODI2NjE0fQ.-zhhRawQB6O5gjlEyEImMHbS8ATVvfB6hmPz3KrCqow
2025-01-11T19:29:37.276+07:00 ERROR 32180 --- [           main] c.e.a.w.domain.service.ProductHelper     : Product with id 111e4567-e89b-12d3-a456-426614174000 not found
]]></system-out>
  </testcase>
</testsuite>