<?xml version="1.0" encoding="UTF-8"?>
<testsuite xmlns:xsi="http://www.w3.org/2001/XMLSchema-instance" xsi:noNamespaceSchemaLocation="https://maven.apache.org/surefire/maven-surefire-plugin/xsd/surefire-test-report-3.0.xsd" version="3.0" name="com.ecommerce.app.kafka.config.data.test.KafkaProducerConfigDataTest" time="0.007" tests="0" errors="0" skipped="0" failures="0">
  <properties>
    <property name="java.specification.version" value="17"/>
    <property name="sun.cpu.isalist" value="amd64"/>
    <property name="sun.jnu.encoding" value="Cp1252"/>
    <property name="java.class.path" value="C:\Users\TECH-MUHAMMAD ASKAR\IdeaProjects\e-commerce\infrastructure\kafka\kafka-config-data\target\test-classes;C:\Users\TECH-MUHAMMAD ASKAR\IdeaProjects\e-commerce\infrastructure\kafka\kafka-config-data\target\classes;C:\Users\TECH-MUHAMMAD ASKAR\.m2\repository\org\springframework\boot\spring-boot-starter\3.3.4\spring-boot-starter-3.3.4.jar;C:\Users\TECH-MUHAMMAD ASKAR\.m2\repository\org\springframework\boot\spring-boot\3.3.4\spring-boot-3.3.4.jar;C:\Users\TECH-MUHAMMAD ASKAR\.m2\repository\org\springframework\spring-context\6.1.13\spring-context-6.1.13.jar;C:\Users\TECH-MUHAMMAD ASKAR\.m2\repository\org\springframework\spring-aop\6.1.13\spring-aop-6.1.13.jar;C:\Users\TECH-MUHAMMAD ASKAR\.m2\repository\org\springframework\spring-beans\6.1.13\spring-beans-6.1.13.jar;C:\Users\TECH-MUHAMMAD ASKAR\.m2\repository\org\springframework\spring-expression\6.1.13\spring-expression-6.1.13.jar;C:\Users\TECH-MUHAMMAD ASKAR\.m2\repository\io\micrometer\micrometer-observation\1.12.10\micrometer-observation-1.12.10.jar;C:\Users\TECH-MUHAMMAD ASKAR\.m2\repository\io\micrometer\micrometer-commons\1.12.10\micrometer-commons-1.12.10.jar;C:\Users\TECH-MUHAMMAD ASKAR\.m2\repository\org\springframework\boot\spring-boot-autoconfigure\3.3.4\spring-boot-autoconfigure-3.3.4.jar;C:\Users\TECH-MUHAMMAD ASKAR\.m2\repository\org\springframework\boot\spring-boot-starter-logging\3.3.4\spring-boot-starter-logging-3.3.4.jar;C:\Users\TECH-MUHAMMAD ASKAR\.m2\repository\ch\qos\logback\logback-classic\1.5.8\logback-classic-1.5.8.jar;C:\Users\TECH-MUHAMMAD ASKAR\.m2\repository\ch\qos\logback\logback-core\1.5.8\logback-core-1.5.8.jar;C:\Users\TECH-MUHAMMAD ASKAR\.m2\repository\org\slf4j\slf4j-api\2.0.15\slf4j-api-2.0.15.jar;C:\Users\TECH-MUHAMMAD ASKAR\.m2\repository\org\apache\logging\log4j\log4j-to-slf4j\2.23.1\log4j-to-slf4j-2.23.1.jar;C:\Users\TECH-MUHAMMAD ASKAR\.m2\repository\org\apache\logging\log4j\log4j-api\2.23.1\log4j-api-2.23.1.jar;C:\Users\TECH-MUHAMMAD ASKAR\.m2\repository\org\slf4j\jul-to-slf4j\2.0.16\jul-to-slf4j-2.0.16.jar;C:\Users\TECH-MUHAMMAD ASKAR\.m2\repository\jakarta\annotation\jakarta.annotation-api\2.1.1\jakarta.annotation-api-2.1.1.jar;C:\Users\TECH-MUHAMMAD ASKAR\.m2\repository\org\springframework\spring-core\6.1.13\spring-core-6.1.13.jar;C:\Users\TECH-MUHAMMAD ASKAR\.m2\repository\org\springframework\spring-jcl\6.1.13\spring-jcl-6.1.13.jar;C:\Users\TECH-MUHAMMAD ASKAR\.m2\repository\org\yaml\snakeyaml\2.2\snakeyaml-2.2.jar;C:\Users\TECH-MUHAMMAD ASKAR\.m2\repository\org\projectlombok\lombok\1.18.34\lombok-1.18.34.jar;"/>
    <property name="java.vm.vendor" value="Oracle Corporation"/>
    <property name="sun.arch.data.model" value="64"/>
    <property name="user.variant" value=""/>
    <property name="java.vendor.url" value="https://java.oracle.com/"/>
    <property name="user.timezone" value="Asia/Bangkok"/>
    <property name="os.name" value="Windows 11"/>
    <property name="java.vm.specification.version" value="17"/>
    <property name="sun.java.launcher" value="SUN_STANDARD"/>
    <property name="user.country" value="US"/>
    <property name="sun.boot.library.path" value="C:\Program Files\Java\jdk-17\bin"/>
    <property name="sun.java.command" value="C:\Users\TECH-MUHAMMAD ASKAR\AppData\Local\Temp\surefire18187443461055601922\surefirebooter-20250111192924143_3.jar C:\Users\TECH-MUHAMMAD ASKAR\AppData\Local\Temp\surefire18187443461055601922 2025-01-11T19-29-20_231-jvmRun1 surefire-20250111192924143_1tmp surefire_0-20250111192924143_2tmp"/>
    <property name="jdk.debug" value="release"/>
    <property name="surefire.test.class.path" value="C:\Users\TECH-MUHAMMAD ASKAR\IdeaProjects\e-commerce\infrastructure\kafka\kafka-config-data\target\test-classes;C:\Users\TECH-MUHAMMAD ASKAR\IdeaProjects\e-commerce\infrastructure\kafka\kafka-config-data\target\classes;C:\Users\TECH-MUHAMMAD ASKAR\.m2\repository\org\springframework\boot\spring-boot-starter\3.3.4\spring-boot-starter-3.3.4.jar;C:\Users\TECH-MUHAMMAD ASKAR\.m2\repository\org\springframework\boot\spring-boot\3.3.4\spring-boot-3.3.4.jar;C:\Users\TECH-MUHAMMAD ASKAR\.m2\repository\org\springframework\spring-context\6.1.13\spring-context-6.1.13.jar;C:\Users\TECH-MUHAMMAD ASKAR\.m2\repository\org\springframework\spring-aop\6.1.13\spring-aop-6.1.13.jar;C:\Users\TECH-MUHAMMAD ASKAR\.m2\repository\org\springframework\spring-beans\6.1.13\spring-beans-6.1.13.jar;C:\Users\TECH-MUHAMMAD ASKAR\.m2\repository\org\springframework\spring-expression\6.1.13\spring-expression-6.1.13.jar;C:\Users\TECH-MUHAMMAD ASKAR\.m2\repository\io\micrometer\micrometer-observation\1.12.10\micrometer-observation-1.12.10.jar;C:\Users\TECH-MUHAMMAD ASKAR\.m2\repository\io\micrometer\micrometer-commons\1.12.10\micrometer-commons-1.12.10.jar;C:\Users\TECH-MUHAMMAD ASKAR\.m2\repository\org\springframework\boot\spring-boot-autoconfigure\3.3.4\spring-boot-autoconfigure-3.3.4.jar;C:\Users\TECH-MUHAMMAD ASKAR\.m2\repository\org\springframework\boot\spring-boot-starter-logging\3.3.4\spring-boot-starter-logging-3.3.4.jar;C:\Users\TECH-MUHAMMAD ASKAR\.m2\repository\ch\qos\logback\logback-classic\1.5.8\logback-classic-1.5.8.jar;C:\Users\TECH-MUHAMMAD ASKAR\.m2\repository\ch\qos\logback\logback-core\1.5.8\logback-core-1.5.8.jar;C:\Users\TECH-MUHAMMAD ASKAR\.m2\repository\org\slf4j\slf4j-api\2.0.15\slf4j-api-2.0.15.jar;C:\Users\TECH-MUHAMMAD ASKAR\.m2\repository\org\apache\logging\log4j\log4j-to-slf4j\2.23.1\log4j-to-slf4j-2.23.1.jar;C:\Users\TECH-MUHAMMAD ASKAR\.m2\repository\org\apache\logging\log4j\log4j-api\2.23.1\log4j-api-2.23.1.jar;C:\Users\TECH-MUHAMMAD ASKAR\.m2\repository\org\slf4j\jul-to-slf4j\2.0.16\jul-to-slf4j-2.0.16.jar;C:\Users\TECH-MUHAMMAD ASKAR\.m2\repository\jakarta\annotation\jakarta.annotation-api\2.1.1\jakarta.annotation-api-2.1.1.jar;C:\Users\TECH-MUHAMMAD ASKAR\.m2\repository\org\springframework\spring-core\6.1.13\spring-core-6.1.13.jar;C:\Users\TECH-MUHAMMAD ASKAR\.m2\repository\org\springframework\spring-jcl\6.1.13\spring-jcl-6.1.13.jar;C:\Users\TECH-MUHAMMAD ASKAR\.m2\repository\org\yaml\snakeyaml\2.2\snakeyaml-2.2.jar;C:\Users\TECH-MUHAMMAD ASKAR\.m2\repository\org\projectlombok\lombok\1.18.34\lombok-1.18.34.jar;"/>
    <property name="sun.cpu.endian" value="little"/>
    <property name="user.home" value="C:\Users\TECH-MUHAMMAD ASKAR"/>
    <property name="user.language" value="en"/>
    <property name="java.specification.vendor" value="Oracle Corporation"/>
    <property name="java.version.date" value="2024-07-16"/>
    <property name="java.home" value="C:\Program Files\Java\jdk-17"/>
    <property name="file.separator" value="\"/>
    <property name="basedir" value="C:\Users\TECH-MUHAMMAD ASKAR\IdeaProjects\e-commerce\infrastructure\kafka\kafka-config-data"/>
    <property name="java.vm.compressedOopsMode" value="Zero based"/>
    <property name="line.separator" value="&#10;"/>
    <property name="java.vm.specification.vendor" value="Oracle Corporation"/>
    <property name="java.specification.name" value="Java Platform API Specification"/>
    <property name="surefire.real.class.path" value="C:\Users\TECH-MUHAMMAD ASKAR\AppData\Local\Temp\surefire18187443461055601922\surefirebooter-20250111192924143_3.jar"/>
    <property name="user.script" value=""/>
    <property name="sun.management.compiler" value="HotSpot 64-Bit Tiered Compilers"/>
    <property name="java.runtime.version" value="17.0.12+8-LTS-286"/>
    <property name="user.name" value="TECH-MUHAMMAD ASKAR"/>
    <property name="path.separator" value=";"/>
    <property name="os.version" value="10.0"/>
    <property name="java.runtime.name" value="Java(TM) SE Runtime Environment"/>
    <property name="file.encoding" value="Cp1252"/>
    <property name="java.vm.name" value="Java HotSpot(TM) 64-Bit Server VM"/>
    <property name="localRepository" value="C:\Users\TECH-MUHAMMAD ASKAR\.m2\repository"/>
    <property name="java.vendor.url.bug" value="https://bugreport.java.com/bugreport/"/>
    <property name="java.io.tmpdir" value="C:\Users\TECH-M~1\AppData\Local\Temp\"/>
    <property name="java.version" value="17.0.12"/>
    <property name="user.dir" value="C:\Users\TECH-MUHAMMAD ASKAR\IdeaProjects\e-commerce\infrastructure\kafka\kafka-config-data"/>
    <property name="os.arch" value="amd64"/>
    <property name="java.vm.specification.name" value="Java Virtual Machine Specification"/>
    <property name="sun.os.patch.level" value=""/>
    <property name="native.encoding" value="Cp1252"/>
    <property name="java.library.path" value="C:\Program Files\Java\jdk-17\bin;C:\WINDOWS\Sun\Java\bin;C:\WINDOWS\system32;C:\WINDOWS;C:\Program Files\Common Files\Oracle\Java\javapath;C:\WINDOWS\system32;C:\WINDOWS;C:\WINDOWS\System32\Wbem;C:\WINDOWS\System32\WindowsPowerShell\v1.0\;C:\WINDOWS\System32\OpenSSH\;C:\Program Files\Go\bin;C:\ProgramData\chocolatey\bin;C:\Program Files\Git\cmd;C:\Program Files\Docker\Docker\resources\bin;C:\Program Files\maven\bin;C:\Windows\System32\ngrok-v3-stable-windows-amd64;C:\Program Files\Kubernetes\Minikube;C:\Users\TECH-MUHAMMAD ASKAR\AppData\Local\Microsoft\WindowsApps;C:\Users\TECH-MUHAMMAD ASKAR\AppData\Local\Programs\Microsoft VS Code\bin;C:\Users\TECH-MUHAMMAD ASKAR\AppData\Local\Microsoft\WinGet\Links;C:\Users\TECH-MUHAMMAD ASKAR\AppData\Local\Google\Cloud SDK\google-cloud-sdk\bin;;."/>
    <property name="java.vm.info" value="mixed mode, sharing"/>
    <property name="java.vendor" value="Oracle Corporation"/>
    <property name="java.vm.version" value="17.0.12+8-LTS-286"/>
    <property name="sun.io.unicode.encoding" value="UnicodeLittle"/>
    <property name="java.class.version" value="61.0"/>
  </properties>
</testsuite>